2018-06-03 10:54:20.345  INFO 13540 --- [http-nio-8080-exec-1] o.a.c.c.C.[Tomcat].[localhost].[/]       : Initializing Spring FrameworkServlet 'dispatcherServlet'
2018-06-03 10:54:20.346  INFO 13540 --- [http-nio-8080-exec-1] o.s.web.servlet.DispatcherServlet        : FrameworkServlet 'dispatcherServlet': initialization started
2018-06-03 10:54:20.373  INFO 13540 --- [http-nio-8080-exec-1] o.s.web.servlet.DispatcherServlet        : FrameworkServlet 'dispatcherServlet': initialization completed in 27 ms
2018-06-03 10:54:20.414  INFO 13540 --- [http-nio-8080-exec-1] me.game.poker.socket.PokerWebSocket      : 绿萝 连接成功
2018-06-03 10:54:20.419  INFO 13540 --- [http-nio-8080-exec-1] me.game.poker.socket.PokerWebSocket      : response:{"code":2000,"data":{"userId":"9a749b92-6f8e-4e11-b91b-7c848224a3ea"}}
2018-06-03 10:54:20.426  INFO 13540 --- [http-nio-8080-exec-3] me.game.poker.socket.PokerWebSocket      : 绿萝request:SocketRequest{code=1001, data={userId=9a749b92-6f8e-4e11-b91b-7c848224a3ea, userName=绿萝}}
2018-06-03 10:54:20.427  INFO 13540 --- [http-nio-8080-exec-3] me.game.poker.socket.PokerWebSocket      : response:{"code":2001,"data":{"seat":1,"players":[{"id":"9a749b92-6f8e-4e11-b91b-7c848224a3ea","name":"绿萝","state":0,"roomId":"88a97e2c-1303-4309-888c-5bac5bb2db3c","seat":1,"pokerIds":[]}],"roomId":"88a97e2c-1303-4309-888c-5bac5bb2db3c"}}
2018-06-03 10:54:23.771  INFO 13540 --- [http-nio-8080-exec-4] me.game.poker.socket.PokerWebSocket      : 大可 连接成功
2018-06-03 10:54:23.771  INFO 13540 --- [http-nio-8080-exec-4] me.game.poker.socket.PokerWebSocket      : response:{"code":2000,"data":{"userId":"62daa3bc-49b8-4a4c-8e29-c5bc50b2631b"}}
2018-06-03 10:54:23.774  INFO 13540 --- [http-nio-8080-exec-5] me.game.poker.socket.PokerWebSocket      : 大可request:SocketRequest{code=1001, data={userId=62daa3bc-49b8-4a4c-8e29-c5bc50b2631b, userName=大可}}
2018-06-03 10:54:23.776  INFO 13540 --- [http-nio-8080-exec-5] me.game.poker.socket.PokerWebSocket      : response:{"code":2001,"data":{"seat":2,"players":[{"id":"9a749b92-6f8e-4e11-b91b-7c848224a3ea","name":"绿萝","state":0,"roomId":"88a97e2c-1303-4309-888c-5bac5bb2db3c","seat":1,"pokerIds":[]},{"id":"62daa3bc-49b8-4a4c-8e29-c5bc50b2631b","name":"大可","state":0,"roomId":"88a97e2c-1303-4309-888c-5bac5bb2db3c","seat":2,"pokerIds":[]}],"roomId":"88a97e2c-1303-4309-888c-5bac5bb2db3c"}}
2018-06-03 10:54:23.777  INFO 13540 --- [http-nio-8080-exec-5] me.game.poker.socket.PokerWebSocket      : response:{"code":20011,"data":{"player":{"id":"62daa3bc-49b8-4a4c-8e29-c5bc50b2631b","name":"大可","state":0,"roomId":"88a97e2c-1303-4309-888c-5bac5bb2db3c","seat":2,"pokerIds":[]}}}
2018-06-03 10:54:27.618  INFO 13540 --- [http-nio-8080-exec-2] me.game.poker.socket.PokerWebSocket      : 电视不能看 连接成功
2018-06-03 10:54:27.619  INFO 13540 --- [http-nio-8080-exec-2] me.game.poker.socket.PokerWebSocket      : response:{"code":2000,"data":{"userId":"b6ceb33a-3b22-4f99-bc8a-02b61b24c34b"}}
2018-06-03 10:54:27.624  INFO 13540 --- [http-nio-8080-exec-6] me.game.poker.socket.PokerWebSocket      : 电视不能看request:SocketRequest{code=1001, data={userId=b6ceb33a-3b22-4f99-bc8a-02b61b24c34b, userName=电视不能看}}
2018-06-03 10:54:27.624  INFO 13540 --- [http-nio-8080-exec-6] me.game.poker.socket.PokerWebSocket      : response:{"code":2001,"data":{"seat":3,"players":[{"id":"9a749b92-6f8e-4e11-b91b-7c848224a3ea","name":"绿萝","state":0,"roomId":"88a97e2c-1303-4309-888c-5bac5bb2db3c","seat":1,"pokerIds":[]},{"id":"62daa3bc-49b8-4a4c-8e29-c5bc50b2631b","name":"大可","state":0,"roomId":"88a97e2c-1303-4309-888c-5bac5bb2db3c","seat":2,"pokerIds":[]},{"id":"b6ceb33a-3b22-4f99-bc8a-02b61b24c34b","name":"电视不能看","state":0,"roomId":"88a97e2c-1303-4309-888c-5bac5bb2db3c","seat":3,"pokerIds":[]}],"roomId":"88a97e2c-1303-4309-888c-5bac5bb2db3c"}}
2018-06-03 10:54:27.625  INFO 13540 --- [http-nio-8080-exec-6] me.game.poker.socket.PokerWebSocket      : response:{"code":20011,"data":{"player":{"id":"b6ceb33a-3b22-4f99-bc8a-02b61b24c34b","name":"电视不能看","state":0,"roomId":"88a97e2c-1303-4309-888c-5bac5bb2db3c","seat":3,"pokerIds":[]}}}
2018-06-03 10:54:27.626  INFO 13540 --- [http-nio-8080-exec-6] me.game.poker.socket.PokerWebSocket      : response:{"code":20011,"data":{"player":{"id":"b6ceb33a-3b22-4f99-bc8a-02b61b24c34b","name":"电视不能看","state":0,"roomId":"88a97e2c-1303-4309-888c-5bac5bb2db3c","seat":3,"pokerIds":[]}}}
2018-06-03 10:54:27.628  INFO 13540 --- [http-nio-8080-exec-6] me.game.poker.socket.PokerWebSocket      : response:{"code":2002,"data":{"roomId":"88a97e2c-1303-4309-888c-5bac5bb2db3c"}}
2018-06-03 10:54:27.628  INFO 13540 --- [http-nio-8080-exec-6] me.game.poker.socket.PokerWebSocket      : response:{"code":2002,"data":{"roomId":"88a97e2c-1303-4309-888c-5bac5bb2db3c"}}
2018-06-03 10:54:27.629  INFO 13540 --- [http-nio-8080-exec-6] me.game.poker.socket.PokerWebSocket      : response:{"code":2002,"data":{"roomId":"88a97e2c-1303-4309-888c-5bac5bb2db3c"}}
2018-06-03 10:54:27.658  INFO 13540 --- [http-nio-8080-exec-7] me.game.poker.socket.PokerWebSocket      : 绿萝request:SocketRequest{code=1002, data={roomId=88a97e2c-1303-4309-888c-5bac5bb2db3c, userId=9a749b92-6f8e-4e11-b91b-7c848224a3ea}}
2018-06-03 10:54:27.658  INFO 13540 --- [http-nio-8080-exec-8] me.game.poker.socket.PokerWebSocket      : 电视不能看request:SocketRequest{code=1002, data={roomId=88a97e2c-1303-4309-888c-5bac5bb2db3c, userId=b6ceb33a-3b22-4f99-bc8a-02b61b24c34b}}
2018-06-03 10:54:27.658  INFO 13540 --- [http-nio-8080-exec-9] me.game.poker.socket.PokerWebSocket      : 大可request:SocketRequest{code=1002, data={roomId=88a97e2c-1303-4309-888c-5bac5bb2db3c, userId=62daa3bc-49b8-4a4c-8e29-c5bc50b2631b}}
2018-06-03 10:54:27.660  INFO 13540 --- [http-nio-8080-exec-9] me.game.poker.socket.PokerWebSocket      : response:{"code":2003,"data":{"pokers":[{"id":2,"name":"红桃A","sort":12},{"id":44,"name":"方块J","sort":9},{"id":43,"name":"梅花J","sort":9},{"id":30,"name":"红桃8","sort":6},{"id":46,"name":"红桃Q","sort":10},{"id":14,"name":"红桃4","sort":2},{"id":6,"name":"红桃2","sort":13},{"id":48,"name":"方块Q","sort":10},{"id":50,"name":"红桃K","sort":11},{"id":41,"name":"黑桃J","sort":9},{"id":20,"name":"方块5","sort":3},{"id":32,"name":"方块8","sort":6},{"id":35,"name":"梅花9","sort":7},{"id":24,"name":"方块6","sort":4},{"id":52,"name":"方块K","sort":11},{"id":51,"name":"梅花K","sort":11},{"id":11,"name":"梅花3","sort":1}]}}
2018-06-03 10:54:27.662  INFO 13540 --- [http-nio-8080-exec-9] me.game.poker.socket.PokerWebSocket      : response:{"code":2003,"data":{"pokers":[{"id":37,"name":"黑桃10","sort":8},{"id":25,"name":"黑桃7","sort":5},{"id":15,"name":"梅花4","sort":2},{"id":9,"name":"黑桃3","sort":1},{"id":49,"name":"黑桃K","sort":11},{"id":42,"name":"红桃J","sort":9},{"id":34,"name":"红桃9","sort":7},{"id":40,"name":"方块10","sort":8},{"id":33,"name":"黑桃9","sort":7},{"id":18,"name":"红桃5","sort":3},{"id":21,"name":"黑桃6","sort":4},{"id":23,"name":"梅花6","sort":4},{"id":7,"name":"梅花2","sort":13},{"id":45,"name":"黑桃Q","sort":10},{"id":19,"name":"梅花5","sort":3},{"id":3,"name":"梅花A","sort":12},{"id":12,"name":"方块3","sort":1}]}}
2018-06-03 10:54:27.664  INFO 13540 --- [http-nio-8080-exec-9] me.game.poker.socket.PokerWebSocket      : response:{"code":2003,"data":{"pokers":[{"id":5,"name":"黑桃2","sort":13},{"id":13,"name":"黑桃4","sort":2},{"id":53,"name":"小王","sort":14},{"id":36,"name":"方块9","sort":7},{"id":54,"name":"大王","sort":15},{"id":8,"name":"方块2","sort":13},{"id":1,"name":"黑桃A","sort":12},{"id":28,"name":"方块7","sort":5},{"id":17,"name":"黑桃5","sort":3},{"id":26,"name":"红桃7","sort":5},{"id":10,"name":"红桃3","sort":1},{"id":22,"name":"红桃6","sort":4},{"id":16,"name":"方块4","sort":2},{"id":39,"name":"梅花10","sort":8},{"id":4,"name":"方块A","sort":12},{"id":29,"name":"黑桃8","sort":6},{"id":31,"name":"梅花8","sort":6}]}}
